Linha: 29
Error ao criar pool de conex√µes: 1045 (28000): Access denied for user 'solotov'@'localhost' (using password: NO)
Traceback (most recent call last):
  File "/home/solotov/Documentos/rmk/a_p_i_kako-main/venv/lib/python3.12/site-packages/mysql/connector/connection_cext.py", line 354, in _open_connection
    self._cmysql.connect(**cnx_kwargs)
_mysql_connector.MySQLInterfaceError: Access denied for user 'solotov'@'localhost' (using password: NO)




The above exception was the direct cause of the following exception:

Traceback (most recent call last):
  File "/home/solotov/Documentos/rmk/a_p_i_kako-main/api/db/pr.py", line 26, in <module>
    print(Cnx().teste())
          ^^^^^
  File "/home/solotov/Documentos/rmk/a_p_i_kako-main/api/db/pr.py", line 16, in __init__
    self.conexao = mysql.connector.connect(**self.config)
                   ^^^^^^^^^^^^^^^^^^^^^^^^^^^^^^^^^^^^^^
  File "/home/solotov/Documentos/rmk/a_p_i_kako-main/venv/lib/python3.12/site-packages/mysql/connector/pooling.py", line 322, in connect
    return CMySQLConnection(*args, **kwargs)
           ^^^^^^^^^^^^^^^^^^^^^^^^^^^^^^^^^
  File "/home/solotov/Documentos/rmk/a_p_i_kako-main/venv/lib/python3.12/site-packages/mysql/connector/connection_cext.py", line 142, in __init__
    self.connect(**kwargs)

  File "/home/solotov/Documentos/rmk/a_p_i_kako-main/venv/lib/python3.12/site-packages/mysql/connector/abstracts.py", line 1604, in connect
    self._open_connection()
  
  File "/home/solotov/Documentos/rmk/a_p_i_kako-main/venv/lib/python3.12/site-packages/mysql/connector/connection_cext.py", line 360, in _open_connection
    raise get_mysql_exception(
mysql.connector.errors.ProgrammingError: 1045 (28000): Access denied for user 'solotov'@'localhost' (using password: NO)